<?xml version="1.0" encoding="UTF-8"?>
<!-- Generated by org.testng.reporters.JUnitXMLReporter -->
<testsuite ignored="0" hostname="DESKTOP-APUALTV" failures="1" tests="3" name="firefoxTest" time="39.073" errors="0" timestamp="2023-02-23T12:22:59 IST">
  <testcase classname="crossbrowserTESTNG.Verifyhoodie" name="@AfterMethod failtestscreenshot" time="0.642">
    <failure type="java.io.FileNotFoundException" message="&amp;quot;C:\Users\Admin\Pictures\Saved Pictures\jayesh.jpg (The filename, directory name, or volume label syntax is incorrect)">
      <![CDATA[java.io.FileNotFoundException: "C:\Users\Admin\Pictures\Saved Pictures\jayesh.jpg (The filename, directory name, or volume label syntax is incorrect)
at java.base/java.io.FileOutputStream.open0(Native Method)
at java.base/java.io.FileOutputStream.open(FileOutputStream.java:293)
at java.base/java.io.FileOutputStream.<init>(FileOutputStream.java:235)
at java.base/java.io.FileOutputStream.<init>(FileOutputStream.java:184)
at org.openqa.selenium.io.FileHandler.copyFile(FileHandler.java:138)
at org.openqa.selenium.io.FileHandler.copy(FileHandler.java:117)
at util.Utility.capturescreenshot(Utility.java:26)
at crossbrowserTESTNG.Verifyhoodie.failtestscreenshot(Verifyhoodie.java:147)
at java.base/java.util.ArrayList.forEach(ArrayList.java:1511)
... Removed 32 stack frames]]>
    </failure>
  </testcase> <!-- @AfterMethod failtestscreenshot -->
  <testcase classname="crossbrowserTESTNG.Verifyhoodie" name="@BeforeMethod enterurlofapplication" time="-1.677135160165E9">
    <skipped/>
  </testcase> <!-- @BeforeMethod enterurlofapplication -->
  <testcase classname="crossbrowserTESTNG.Verifyhoodie" name="@AfterMethod failtestscreenshot" time="-1.67713516025E9">
    <skipped/>
  </testcase> <!-- @AfterMethod failtestscreenshot -->
  <testcase classname="crossbrowserTESTNG.Verifyhoodie" name="@AfterClass closewindow" time="-1.677135160254E9">
    <skipped/>
  </testcase> <!-- @AfterClass closewindow -->
  <testcase classname="crossbrowserTESTNG.Verifyhoodie" name="@AfterTest closethebrowser" time="-1.677135179782E9">
    <skipped/>
  </testcase> <!-- @AfterTest closethebrowser -->
  <testcase classname="crossbrowserTESTNG.Verifypant" name="@AfterTest closebrowser" time="-1.677135179789E9">
    <skipped/>
  </testcase> <!-- @AfterTest closebrowser -->
  <testcase classname="crossbrowserTESTNG.Verifyhoodie" name="verifytoproductchoose" time="1.247">
    <failure type="java.lang.AssertionError" message="url is correct expected [https://magento.softwaretestingboard.com/?ref=hackernoon.com] but found [https://magento.softwaretestingboard.com/men/tops-men/hoodies-and-sweatshirts-men.html]">
      <![CDATA[java.lang.AssertionError: url is correct expected [https://magento.softwaretestingboard.com/?ref=hackernoon.com] but found [https://magento.softwaretestingboard.com/men/tops-men/hoodies-and-sweatshirts-men.html]
at crossbrowserTESTNG.Verifyhoodie.verifytoproductchoose(Verifyhoodie.java:94)
at java.base/java.util.ArrayList.forEach(ArrayList.java:1511)
... Removed 32 stack frames]]>
    </failure>
  </testcase> <!-- verifytoproductchoose -->
  <testcase classname="crossbrowserTESTNG.Verifyhoodie" name="VerifySecondproductchoose" time="0.0">
    <skipped/>
  </testcase> <!-- VerifySecondproductchoose -->
  <testcase classname="crossbrowserTESTNG.Verifypant" name="verifytobuyMithraWarpuppant" time="13.357"/>
</testsuite> <!-- firefoxTest -->
